# JRE version: OpenJDK Runtime Environment Temurin-17.0.10+7 (17.0.10+7) (build 17.0.10+7)
# Java VM: OpenJDK 64-Bit Server VM Temurin-17.0.10+7 (17.0.10+7, mixed mode, tiered, compressed oops, compressed class ptrs, parallel gc, windows-amd64)
GC Precious Log:
 CPUs: 8 total, 8 available
 Memory: 16224M
 Large Page Support: Disabled
 NUMA Support: Disabled
 Compressed Oops: Enabled (32-bit)
 Alignments: Space 512K, Generation 512K, Heap 2M
 Heap Min Capacity: 100M
 Heap Initial Capacity: 100M
 Heap Max Capacity: 1G
 Pre-touch: Disabled
 Parallel Workers: 8
Heap:
 PSYoungGen      total 6144K, used 3928K [0x00000000eab00000, 0x00000000eb280000, 0x0000000100000000)
  eden space 4608K, 52% used [0x00000000eab00000,0x00000000ead5ee70,0x00000000eaf80000)
  from space 1536K, 97% used [0x00000000eb100000,0x00000000eb278010,0x00000000eb280000)
  to   space 1536K, 0% used [0x00000000eaf80000,0x00000000eaf80000,0x00000000eb100000)
 ParOldGen       total 103936K, used 99916K [0x00000000c0000000, 0x00000000c6580000, 0x00000000eab00000)
  object space 103936K, 96% used [0x00000000c0000000,0x00000000c6193070,0x00000000c6580000)
 Metaspace       used 74222K, committed 75520K, reserved 1179648K
  class space    used 7529K, committed 8064K, reserved 1048576K
GC Heap History (20 events):
Event: 18.150 GC heap before
{Heap before GC invocations=90 (full 5):
 PSYoungGen      total 8192K, used 8052K [0x00000000eab00000, 0x00000000eb500000, 0x0000000100000000)
  eden space 6656K, 100% used [0x00000000eab00000,0x00000000eb180000,0x00000000eb180000)
  from space 1536K, 90% used [0x00000000eb380000,0x00000000eb4dd0c0,0x00000000eb500000)
  to   space 1536K, 0% used [0x00000000eb180000,0x00000000eb180000,0x00000000eb300000)
 ParOldGen       total 103936K, used 88017K [0x00000000c0000000, 0x00000000c6580000, 0x00000000eab00000)
  object space 103936K, 84% used [0x00000000c0000000,0x00000000c55f44b8,0x00000000c6580000)
 Metaspace       used 73986K, committed 75328K, reserved 1179648K
  class space    used 7527K, committed 8064K, reserved 1048576K
}
Event: 18.152 GC heap after
{Heap after GC invocations=90 (full 5):
 PSYoungGen      total 8192K, used 1344K [0x00000000eab00000, 0x00000000eb480000, 0x0000000100000000)
  eden space 6656K, 0% used [0x00000000eab00000,0x00000000eab00000,0x00000000eb180000)
  from space 1536K, 87% used [0x00000000eb180000,0x00000000eb2d0000,0x00000000eb300000)
  to   space 1536K, 0% used [0x00000000eb300000,0x00000000eb300000,0x00000000eb480000)
 ParOldGen       total 103936K, used 89289K [0x00000000c0000000, 0x00000000c6580000, 0x00000000eab00000)
  object space 103936K, 85% used [0x00000000c0000000,0x00000000c5732460,0x00000000c6580000)
 Metaspace       used 73986K, committed 75328K, reserved 1179648K
  class space    used 7527K, committed 8064K, reserved 1048576K
}
Event: 18.269 GC heap before
{Heap before GC invocations=91 (full 5):
 PSYoungGen      total 8192K, used 7994K [0x00000000eab00000, 0x00000000eb480000, 0x0000000100000000)
  eden space 6656K, 99% used [0x00000000eab00000,0x00000000eb17eb70,0x00000000eb180000)
  from space 1536K, 87% used [0x00000000eb180000,0x00000000eb2d0000,0x00000000eb300000)
  to   space 1536K, 0% used [0x00000000eb300000,0x00000000eb300000,0x00000000eb480000)
 ParOldGen       total 103936K, used 89289K [0x00000000c0000000, 0x00000000c6580000, 0x00000000eab00000)
  object space 103936K, 85% used [0x00000000c0000000,0x00000000c5732460,0x00000000c6580000)
 Metaspace       used 74045K, committed 75392K, reserved 1179648K
  class space    used 7528K, committed 8064K, reserved 1048576K
}
Event: 18.270 GC heap after
{Heap after GC invocations=91 (full 5):
 PSYoungGen      total 8192K, used 1297K [0x00000000eab00000, 0x00000000eb480000, 0x0000000100000000)
  eden space 6656K, 0% used [0x00000000eab00000,0x00000000eab00000,0x00000000eb180000)
  from space 1536K, 84% used [0x00000000eb300000,0x00000000eb444600,0x00000000eb480000)
  to   space 1536K, 0% used [0x00000000eb180000,0x00000000eb180000,0x00000000eb300000)
 ParOldGen       total 103936K, used 90558K [0x00000000c0000000, 0x00000000c6580000, 0x00000000eab00000)
  object space 103936K, 87% used [0x00000000c0000000,0x00000000c586fb10,0x00000000c6580000)
 Metaspace       used 74045K, committed 75392K, reserved 1179648K
  class space    used 7528K, committed 8064K, reserved 1048576K
}
Event: 18.331 GC heap before
{Heap before GC invocations=92 (full 5):
 PSYoungGen      total 8192K, used 7953K [0x00000000eab00000, 0x00000000eb480000, 0x0000000100000000)
  eden space 6656K, 99% used [0x00000000eab00000,0x00000000eb17fff0,0x00000000eb180000)
  from space 1536K, 84% used [0x00000000eb300000,0x00000000eb444600,0x00000000eb480000)
  to   space 1536K, 0% used [0x00000000eb180000,0x00000000eb180000,0x00000000eb300000)
 ParOldGen       total 103936K, used 90558K [0x00000000c0000000, 0x00000000c6580000, 0x00000000eab00000)
  object space 103936K, 87% used [0x00000000c0000000,0x00000000c586fb10,0x00000000c6580000)
 Metaspace       used 74056K, committed 75392K, reserved 1179648K
  class space    used 7528K, committed 8064K, reserved 1048576K
}
Event: 18.334 GC heap after
{Heap after GC invocations=92 (full 5):
 PSYoungGen      total 8192K, used 1420K [0x00000000eab00000, 0x00000000eb480000, 0x0000000100000000)
  eden space 6656K, 0% used [0x00000000eab00000,0x00000000eab00000,0x00000000eb180000)
  from space 1536K, 92% used [0x00000000eb180000,0x00000000eb2e31f8,0x00000000eb300000)
  to   space 1536K, 0% used [0x00000000eb300000,0x00000000eb300000,0x00000000eb480000)
 ParOldGen       total 103936K, used 91754K [0x00000000c0000000, 0x00000000c6580000, 0x00000000eab00000)
  object space 103936K, 88% used [0x00000000c0000000,0x00000000c599ab78,0x00000000c6580000)
 Metaspace       used 74056K, committed 75392K, reserved 1179648K
  class space    used 7528K, committed 8064K, reserved 1048576K
}
Event: 18.408 GC heap before
{Heap before GC invocations=93 (full 5):
 PSYoungGen      total 8192K, used 8076K [0x00000000eab00000, 0x00000000eb480000, 0x0000000100000000)
  eden space 6656K, 100% used [0x00000000eab00000,0x00000000eb180000,0x00000000eb180000)
  from space 1536K, 92% used [0x00000000eb180000,0x00000000eb2e31f8,0x00000000eb300000)
  to   space 1536K, 0% used [0x00000000eb300000,0x00000000eb300000,0x00000000eb480000)
 ParOldGen       total 103936K, used 91754K [0x00000000c0000000, 0x00000000c6580000, 0x00000000eab00000)
  object space 103936K, 88% used [0x00000000c0000000,0x00000000c599ab78,0x00000000c6580000)
 Metaspace       used 74107K, committed 75456K, reserved 1179648K
  class space    used 7528K, committed 8064K, reserved 1048576K
}
Event: 18.410 GC heap after
{Heap after GC invocations=93 (full 5):
 PSYoungGen      total 8192K, used 1467K [0x00000000eab00000, 0x00000000eb480000, 0x0000000100000000)
  eden space 6656K, 0% used [0x00000000eab00000,0x00000000eab00000,0x00000000eb180000)
  from space 1536K, 95% used [0x00000000eb300000,0x00000000eb46ee08,0x00000000eb480000)
  to   space 1536K, 0% used [0x00000000eb180000,0x00000000eb180000,0x00000000eb300000)
 ParOldGen       total 103936K, used 93000K [0x00000000c0000000, 0x00000000c6580000, 0x00000000eab00000)
  object space 103936K, 89% used [0x00000000c0000000,0x00000000c5ad2390,0x00000000c6580000)
 Metaspace       used 74107K, committed 75456K, reserved 1179648K
  class space    used 7528K, committed 8064K, reserved 1048576K
}
Event: 18.454 GC heap before
{Heap before GC invocations=94 (full 5):
 PSYoungGen      total 8192K, used 8123K [0x00000000eab00000, 0x00000000eb480000, 0x0000000100000000)
  eden space 6656K, 100% used [0x00000000eab00000,0x00000000eb180000,0x00000000eb180000)
  from space 1536K, 95% used [0x00000000eb300000,0x00000000eb46ee08,0x00000000eb480000)
  to   space 1536K, 0% used [0x00000000eb180000,0x00000000eb180000,0x00000000eb300000)
 ParOldGen       total 103936K, used 93000K [0x00000000c0000000, 0x00000000c6580000, 0x00000000eab00000)
  object space 103936K, 89% used [0x00000000c0000000,0x00000000c5ad2390,0x00000000c6580000)
 Metaspace       used 74128K, committed 75456K, reserved 1179648K
  class space    used 7528K, committed 8064K, reserved 1048576K
}
Event: 18.456 GC heap after
{Heap after GC invocations=94 (full 5):
 PSYoungGen      total 8192K, used 1260K [0x00000000eab00000, 0x00000000eb480000, 0x0000000100000000)
  eden space 6656K, 0% used [0x00000000eab00000,0x00000000eab00000,0x00000000eb180000)
  from space 1536K, 82% used [0x00000000eb180000,0x00000000eb2bb030,0x00000000eb300000)
  to   space 1536K, 0% used [0x00000000eb300000,0x00000000eb300000,0x00000000eb480000)
 ParOldGen       total 103936K, used 94283K [0x00000000c0000000, 0x00000000c6580000, 0x00000000eab00000)
  object space 103936K, 90% used [0x00000000c0000000,0x00000000c5c12ff0,0x00000000c6580000)
 Metaspace       used 74128K, committed 75456K, reserved 1179648K
  class space    used 7528K, committed 8064K, reserved 1048576K
}
Event: 18.476 GC heap before
{Heap before GC invocations=95 (full 5):
 PSYoungGen      total 8192K, used 7916K [0x00000000eab00000, 0x00000000eb480000, 0x0000000100000000)
  eden space 6656K, 100% used [0x00000000eab00000,0x00000000eb180000,0x00000000eb180000)
  from space 1536K, 82% used [0x00000000eb180000,0x00000000eb2bb030,0x00000000eb300000)
  to   space 1536K, 0% used [0x00000000eb300000,0x00000000eb300000,0x00000000eb480000)
 ParOldGen       total 103936K, used 94283K [0x00000000c0000000, 0x00000000c6580000, 0x00000000eab00000)
  object space 103936K, 90% used [0x00000000c0000000,0x00000000c5c12ff0,0x00000000c6580000)
 Metaspace       used 74150K, committed 75520K, reserved 1179648K
  class space    used 7528K, committed 8064K, reserved 1048576K
}
Event: 18.479 GC heap after
{Heap after GC invocations=95 (full 5):
 PSYoungGen      total 6144K, used 1504K [0x00000000eab00000, 0x00000000eb880000, 0x0000000100000000)
  eden space 4608K, 0% used [0x00000000eab00000,0x00000000eab00000,0x00000000eaf80000)
  from space 1536K, 97% used [0x00000000eb300000,0x00000000eb478010,0x00000000eb480000)
  to   space 3584K, 0% used [0x00000000eaf80000,0x00000000eaf80000,0x00000000eb300000)
 ParOldGen       total 103936K, used 95933K [0x00000000c0000000, 0x00000000c6580000, 0x00000000eab00000)
  object space 103936K, 92% used [0x00000000c0000000,0x00000000c5daf7b0,0x00000000c6580000)
 Metaspace       used 74150K, committed 75520K, reserved 1179648K
  class space    used 7528K, committed 8064K, reserved 1048576K
}
Event: 18.527 GC heap before
{Heap before GC invocations=96 (full 5):
 PSYoungGen      total 6144K, used 6112K [0x00000000eab00000, 0x00000000eb880000, 0x0000000100000000)
  eden space 4608K, 100% used [0x00000000eab00000,0x00000000eaf80000,0x00000000eaf80000)
  from space 1536K, 97% used [0x00000000eb300000,0x00000000eb478010,0x00000000eb480000)
  to   space 3584K, 0% used [0x00000000eaf80000,0x00000000eaf80000,0x00000000eb300000)
 ParOldGen       total 103936K, used 95933K [0x00000000c0000000, 0x00000000c6580000, 0x00000000eab00000)
  object space 103936K, 92% used [0x00000000c0000000,0x00000000c5daf7b0,0x00000000c6580000)
 Metaspace       used 74161K, committed 75520K, reserved 1179648K
  class space    used 7528K, committed 8064K, reserved 1048576K
}
Event: 18.529 GC heap after
{Heap after GC invocations=96 (full 5):
 PSYoungGen      total 5632K, used 928K [0x00000000eab00000, 0x00000000eb380000, 0x0000000100000000)
  eden space 4608K, 0% used [0x00000000eab00000,0x00000000eab00000,0x00000000eaf80000)
  from space 1024K, 90% used [0x00000000eaf80000,0x00000000eb068000,0x00000000eb080000)
  to   space 2048K, 0% used [0x00000000eb180000,0x00000000eb180000,0x00000000eb380000)
 ParOldGen       total 103936K, used 97435K [0x00000000c0000000, 0x00000000c6580000, 0x00000000eab00000)
  object space 103936K, 93% used [0x00000000c0000000,0x00000000c5f26c20,0x00000000c6580000)
 Metaspace       used 74161K, committed 75520K, reserved 1179648K
  class space    used 7528K, committed 8064K, reserved 1048576K
}
Event: 18.593 GC heap before
{Heap before GC invocations=97 (full 5):
 PSYoungGen      total 5632K, used 5536K [0x00000000eab00000, 0x00000000eb380000, 0x0000000100000000)
  eden space 4608K, 100% used [0x00000000eab00000,0x00000000eaf80000,0x00000000eaf80000)
  from space 1024K, 90% used [0x00000000eaf80000,0x00000000eb068000,0x00000000eb080000)
  to   space 2048K, 0% used [0x00000000eb180000,0x00000000eb180000,0x00000000eb380000)
 ParOldGen       total 103936K, used 97435K [0x00000000c0000000, 0x00000000c6580000, 0x00000000eab00000)
  object space 103936K, 93% used [0x00000000c0000000,0x00000000c5f26c20,0x00000000c6580000)
 Metaspace       used 74182K, committed 75520K, reserved 1179648K
  class space    used 7528K, committed 8064K, reserved 1048576K
}
Event: 18.594 GC heap after
{Heap after GC invocations=97 (full 5):
 PSYoungGen      total 5632K, used 944K [0x00000000eab00000, 0x00000000eb280000, 0x0000000100000000)
  eden space 4608K, 0% used [0x00000000eab00000,0x00000000eab00000,0x00000000eaf80000)
  from space 1024K, 92% used [0x00000000eb180000,0x00000000eb26c010,0x00000000eb280000)
  to   space 1536K, 0% used [0x00000000eaf80000,0x00000000eaf80000,0x00000000eb100000)
 ParOldGen       total 103936K, used 98201K [0x00000000c0000000, 0x00000000c6580000, 0x00000000eab00000)
  object space 103936K, 94% used [0x00000000c0000000,0x00000000c5fe6518,0x00000000c6580000)
 Metaspace       used 74182K, committed 75520K, reserved 1179648K
  class space    used 7528K, committed 8064K, reserved 1048576K
}
Event: 18.672 GC heap before
{Heap before GC invocations=98 (full 5):
 PSYoungGen      total 5632K, used 5552K [0x00000000eab00000, 0x00000000eb280000, 0x0000000100000000)
  eden space 4608K, 100% used [0x00000000eab00000,0x00000000eaf80000,0x00000000eaf80000)
  from space 1024K, 92% used [0x00000000eb180000,0x00000000eb26c010,0x00000000eb280000)
  to   space 1536K, 0% used [0x00000000eaf80000,0x00000000eaf80000,0x00000000eb100000)
 ParOldGen       total 103936K, used 98201K [0x00000000c0000000, 0x00000000c6580000, 0x00000000eab00000)
  object space 103936K, 94% used [0x00000000c0000000,0x00000000c5fe6518,0x00000000c6580000)
 Metaspace       used 74193K, committed 75520K, reserved 1179648K
  class space    used 7528K, committed 8064K, reserved 1048576K
}
Event: 18.673 GC heap after
{Heap after GC invocations=98 (full 5):
 PSYoungGen      total 6144K, used 1120K [0x00000000eab00000, 0x00000000eb280000, 0x0000000100000000)
  eden space 4608K, 0% used [0x00000000eab00000,0x00000000eab00000,0x00000000eaf80000)
  from space 1536K, 72% used [0x00000000eaf80000,0x00000000eb098000,0x00000000eb100000)
  to   space 1536K, 0% used [0x00000000eb100000,0x00000000eb100000,0x00000000eb280000)
 ParOldGen       total 103936K, used 98912K [0x00000000c0000000, 0x00000000c6580000, 0x00000000eab00000)
  object space 103936K, 95% used [0x00000000c0000000,0x00000000c6098128,0x00000000c6580000)
 Metaspace       used 74193K, committed 75520K, reserved 1179648K
  class space    used 7528K, committed 8064K, reserved 1048576K
}
Event: 18.702 GC heap before
{Heap before GC invocations=99 (full 5):
 PSYoungGen      total 6144K, used 5728K [0x00000000eab00000, 0x00000000eb280000, 0x0000000100000000)
  eden space 4608K, 100% used [0x00000000eab00000,0x00000000eaf80000,0x00000000eaf80000)
  from space 1536K, 72% used [0x00000000eaf80000,0x00000000eb098000,0x00000000eb100000)
  to   space 1536K, 0% used [0x00000000eb100000,0x00000000eb100000,0x00000000eb280000)
 ParOldGen       total 103936K, used 98912K [0x00000000c0000000, 0x00000000c6580000, 0x00000000eab00000)
  object space 103936K, 95% used [0x00000000c0000000,0x00000000c6098128,0x00000000c6580000)
 Metaspace       used 74204K, committed 75520K, reserved 1179648K
  class space    used 7529K, committed 8064K, reserved 1048576K
}
Event: 18.704 GC heap after
{Heap after GC invocations=99 (full 5):
 PSYoungGen      total 6144K, used 1504K [0x00000000eab00000, 0x00000000eb280000, 0x0000000100000000)
  eden space 4608K, 0% used [0x00000000eab00000,0x00000000eab00000,0x00000000eaf80000)
  from space 1536K, 97% used [0x00000000eb100000,0x00000000eb278010,0x00000000eb280000)
  to   space 1536K, 0% used [0x00000000eaf80000,0x00000000eaf80000,0x00000000eb100000)
 ParOldGen       total 103936K, used 99916K [0x00000000c0000000, 0x00000000c6580000, 0x00000000eab00000)
  object space 103936K, 96% used [0x00000000c0000000,0x00000000c6193070,0x00000000c6580000)
 Metaspace       used 74204K, committed 75520K, reserved 1179648K
  class space    used 7529K, committed 8064K, reserved 1048576K
}

