# JRE version: Java(TM) SE Runtime Environment (21.0.1+12) (build 21.0.1+12-LTS-29)
# Java VM: Java HotSpot(TM) 64-Bit Server VM (21.0.1+12-LTS-29, mixed mode, emulated-client, sharing, tiered, compressed oops, compressed class ptrs, g1 gc, windows-amd64)
GC Precious Log:
 CardTable entry size: 512
 Card Set container configuration: InlinePtr #cards 4 size 8 Array Of Cards #cards 16 size 48 Howl #buckets 8 coarsen threshold 3686 Howl Bitmap #cards 512 size 80 coarsen threshold 460 Card regions per heap region 1 cards per card region 4096
 CPUs: 8 total, 8 available
 Memory: 16224M
 Large Page Support: Disabled
 NUMA Support: Disabled
 Compressed Oops: Enabled (Zero based)
 Heap Region Size: 2M
 Heap Min Capacity: 8M
 Heap Initial Capacity: 254M
 Heap Max Capacity: 4058M
 Pre-touch: Disabled
 Parallel Workers: 8
 Concurrent Workers: 2
 Concurrent Refinement Workers: 8
 Periodic GC: Disabled
Heap:
 garbage-first heap   total 167936K, used 165391K [0x0000000702600000, 0x0000000800000000)
  region size 2048K, 9 young (18432K), 0 survivors (0K)
 Metaspace       used 87619K, committed 88512K, reserved 1179648K
  class space    used 12389K, committed 12800K, reserved 1048576K
GC Heap History (20 events):
Event: 4.051 GC heap after
{Heap after GC invocations=11 (full 0):
 garbage-first heap   total 83968K, used 31865K [0x0000000702600000, 0x0000000800000000)
  region size 2048K, 1 young (2048K), 1 survivors (2048K)
 Metaspace       used 53030K, committed 53568K, reserved 1114112K
  class space    used 7224K, committed 7488K, reserved 1048576K
}
Event: 4.694 GC heap before
{Heap before GC invocations=12 (full 0):
 garbage-first heap   total 83968K, used 70777K [0x0000000702600000, 0x0000000800000000)
  region size 2048K, 20 young (40960K), 1 survivors (2048K)
 Metaspace       used 60898K, committed 61504K, reserved 1114112K
  class space    used 8616K, committed 8896K, reserved 1048576K
}
Event: 4.697 GC heap after
{Heap after GC invocations=13 (full 0):
 garbage-first heap   total 83968K, used 33402K [0x0000000702600000, 0x0000000800000000)
  region size 2048K, 2 young (4096K), 2 survivors (4096K)
 Metaspace       used 60898K, committed 61504K, reserved 1114112K
  class space    used 8616K, committed 8896K, reserved 1048576K
}
Event: 7.144 GC heap before
{Heap before GC invocations=13 (full 0):
 garbage-first heap   total 83968K, used 72314K [0x0000000702600000, 0x0000000800000000)
  region size 2048K, 21 young (43008K), 2 survivors (4096K)
 Metaspace       used 65253K, committed 65856K, reserved 1114112K
  class space    used 9212K, committed 9472K, reserved 1048576K
}
Event: 7.149 GC heap after
{Heap after GC invocations=14 (full 0):
 garbage-first heap   total 83968K, used 35768K [0x0000000702600000, 0x0000000800000000)
  region size 2048K, 3 young (6144K), 3 survivors (6144K)
 Metaspace       used 65253K, committed 65856K, reserved 1114112K
  class space    used 9212K, committed 9472K, reserved 1048576K
}
Event: 7.333 GC heap before
{Heap before GC invocations=14 (full 0):
 garbage-first heap   total 83968K, used 68536K [0x0000000702600000, 0x0000000800000000)
  region size 2048K, 19 young (38912K), 3 survivors (6144K)
 Metaspace       used 67060K, committed 67712K, reserved 1114112K
  class space    used 9458K, committed 9728K, reserved 1048576K
}
Event: 7.337 GC heap after
{Heap after GC invocations=15 (full 0):
 garbage-first heap   total 83968K, used 37349K [0x0000000702600000, 0x0000000800000000)
  region size 2048K, 3 young (6144K), 3 survivors (6144K)
 Metaspace       used 67060K, committed 67712K, reserved 1114112K
  class space    used 9458K, committed 9728K, reserved 1048576K
}
Event: 7.425 GC heap before
{Heap before GC invocations=15 (full 0):
 garbage-first heap   total 83968K, used 68069K [0x0000000702600000, 0x0000000800000000)
  region size 2048K, 18 young (36864K), 3 survivors (6144K)
 Metaspace       used 67242K, committed 67968K, reserved 1114112K
  class space    used 9473K, committed 9792K, reserved 1048576K
}
Event: 7.429 GC heap after
{Heap after GC invocations=16 (full 0):
 garbage-first heap   total 83968K, used 38356K [0x0000000702600000, 0x0000000800000000)
  region size 2048K, 2 young (4096K), 2 survivors (4096K)
 Metaspace       used 67242K, committed 67968K, reserved 1114112K
  class space    used 9473K, committed 9792K, reserved 1048576K
}
Event: 7.695 GC heap before
{Heap before GC invocations=17 (full 0):
 garbage-first heap   total 83968K, used 71124K [0x0000000702600000, 0x0000000800000000)
  region size 2048K, 18 young (36864K), 2 survivors (4096K)
 Metaspace       used 69730K, committed 70528K, reserved 1114112K
  class space    used 9874K, committed 10240K, reserved 1048576K
}
Event: 7.698 GC heap after
{Heap after GC invocations=18 (full 0):
 garbage-first heap   total 83968K, used 40225K [0x0000000702600000, 0x0000000800000000)
  region size 2048K, 3 young (6144K), 3 survivors (6144K)
 Metaspace       used 69730K, committed 70528K, reserved 1114112K
  class space    used 9874K, committed 10240K, reserved 1048576K
}
Event: 8.024 GC heap before
{Heap before GC invocations=18 (full 0):
 garbage-first heap   total 83968K, used 68897K [0x0000000702600000, 0x0000000800000000)
  region size 2048K, 17 young (34816K), 3 survivors (6144K)
 Metaspace       used 74282K, committed 75136K, reserved 1114112K
  class space    used 10507K, committed 10880K, reserved 1048576K
}
Event: 8.029 GC heap after
{Heap after GC invocations=19 (full 0):
 garbage-first heap   total 102400K, used 42326K [0x0000000702600000, 0x0000000800000000)
  region size 2048K, 3 young (6144K), 3 survivors (6144K)
 Metaspace       used 74282K, committed 75136K, reserved 1114112K
  class space    used 10507K, committed 10880K, reserved 1048576K
}
Event: 8.612 GC heap before
{Heap before GC invocations=19 (full 0):
 garbage-first heap   total 102400K, used 89430K [0x0000000702600000, 0x0000000800000000)
  region size 2048K, 24 young (49152K), 3 survivors (6144K)
 Metaspace       used 81086K, committed 81984K, reserved 1179648K
  class space    used 11382K, committed 11776K, reserved 1048576K
}
Event: 8.618 GC heap after
{Heap after GC invocations=20 (full 0):
 garbage-first heap   total 104448K, used 52429K [0x0000000702600000, 0x0000000800000000)
  region size 2048K, 4 young (8192K), 4 survivors (8192K)
 Metaspace       used 81086K, committed 81984K, reserved 1179648K
  class space    used 11382K, committed 11776K, reserved 1048576K
}
Event: 8.624 GC heap before
{Heap before GC invocations=20 (full 0):
 garbage-first heap   total 104448K, used 58573K [0x0000000702600000, 0x0000000800000000)
  region size 2048K, 5 young (10240K), 4 survivors (8192K)
 Metaspace       used 81259K, committed 82112K, reserved 1179648K
  class space    used 11398K, committed 11776K, reserved 1048576K
}
Event: 8.628 GC heap after
{Heap after GC invocations=21 (full 0):
 garbage-first heap   total 104448K, used 59336K [0x0000000702600000, 0x0000000800000000)
  region size 2048K, 1 young (2048K), 1 survivors (2048K)
 Metaspace       used 81259K, committed 82112K, reserved 1179648K
  class space    used 11398K, committed 11776K, reserved 1048576K
}
Event: 46.974 GC heap before
{Heap before GC invocations=22 (full 0):
 garbage-first heap   total 143360K, used 114632K [0x0000000702600000, 0x0000000800000000)
  region size 2048K, 17 young (34816K), 1 survivors (2048K)
 Metaspace       used 87019K, committed 87936K, reserved 1179648K
  class space    used 12308K, committed 12736K, reserved 1048576K
}
Event: 46.977 GC heap after
{Heap after GC invocations=23 (full 0):
 garbage-first heap   total 143360K, used 85519K [0x0000000702600000, 0x0000000800000000)
  region size 2048K, 2 young (4096K), 2 survivors (4096K)
 Metaspace       used 87019K, committed 87936K, reserved 1179648K
  class space    used 12308K, committed 12736K, reserved 1048576K
}
Event: 106.490 GC heap before
{Heap before GC invocations=23 (full 0):
 garbage-first heap   total 167936K, used 163343K [0x0000000702600000, 0x0000000800000000)
  region size 2048K, 11 young (22528K), 2 survivors (4096K)
 Metaspace       used 87619K, committed 88512K, reserved 1179648K
  class space    used 12389K, committed 12800K, reserved 1048576K
}

