# JRE version: OpenJDK Runtime Environment Temurin-17.0.10+7 (17.0.10+7) (build 17.0.10+7)
# Java VM: OpenJDK 64-Bit Server VM Temurin-17.0.10+7 (17.0.10+7, mixed mode, tiered, compressed oops, compressed class ptrs, parallel gc, windows-amd64)
GC Precious Log:
 CPUs: 8 total, 8 available
 Memory: 16224M
 Large Page Support: Disabled
 NUMA Support: Disabled
 Compressed Oops: Enabled (32-bit)
 Alignments: Space 512K, Generation 512K, Heap 2M
 Heap Min Capacity: 100M
 Heap Initial Capacity: 100M
 Heap Max Capacity: 1G
 Pre-touch: Disabled
 Parallel Workers: 8
Heap:
 PSYoungGen      total 19968K, used 6360K [0x00000000eab00000, 0x00000000ec080000, 0x0000000100000000)
  eden space 18944K, 28% used [0x00000000eab00000,0x00000000eb03b450,0x00000000ebd80000)
  from space 1024K, 97% used [0x00000000ebe00000,0x00000000ebefac70,0x00000000ebf00000)
  to   space 1536K, 0% used [0x00000000ebf00000,0x00000000ebf00000,0x00000000ec080000)
 ParOldGen       total 68608K, used 47223K [0x00000000c0000000, 0x00000000c4300000, 0x00000000eab00000)
  object space 68608K, 68% used [0x00000000c0000000,0x00000000c2e1dd80,0x00000000c4300000)
 Metaspace       used 56748K, committed 57920K, reserved 1114112K
  class space    used 6077K, committed 6656K, reserved 1048576K
GC Heap History (20 events):
Event: 8.040 GC heap before
{Heap before GC invocations=26 (full 2):
 PSYoungGen      total 24064K, used 23680K [0x00000000eab00000, 0x00000000ec500000, 0x0000000100000000)
  eden space 21504K, 100% used [0x00000000eab00000,0x00000000ec000000,0x00000000ec000000)
  from space 2560K, 85% used [0x00000000ec000000,0x00000000ec220010,0x00000000ec280000)
  to   space 2560K, 0% used [0x00000000ec280000,0x00000000ec280000,0x00000000ec500000)
 ParOldGen       total 68608K, used 31256K [0x00000000c0000000, 0x00000000c4300000, 0x00000000eab00000)
  object space 68608K, 45% used [0x00000000c0000000,0x00000000c1e860d8,0x00000000c4300000)
 Metaspace       used 53625K, committed 54720K, reserved 1114112K
  class space    used 5813K, committed 6272K, reserved 1048576K
}
Event: 8.043 GC heap after
{Heap after GC invocations=26 (full 2):
 PSYoungGen      total 21504K, used 2544K [0x00000000eab00000, 0x00000000eca00000, 0x0000000100000000)
  eden space 18944K, 0% used [0x00000000eab00000,0x00000000eab00000,0x00000000ebd80000)
  from space 2560K, 99% used [0x00000000ec280000,0x00000000ec4fc010,0x00000000ec500000)
  to   space 5120K, 0% used [0x00000000ebd80000,0x00000000ebd80000,0x00000000ec280000)
 ParOldGen       total 68608K, used 33328K [0x00000000c0000000, 0x00000000c4300000, 0x00000000eab00000)
  object space 68608K, 48% used [0x00000000c0000000,0x00000000c208c0e8,0x00000000c4300000)
 Metaspace       used 53625K, committed 54720K, reserved 1114112K
  class space    used 5813K, committed 6272K, reserved 1048576K
}
Event: 8.342 GC heap before
{Heap before GC invocations=27 (full 2):
 PSYoungGen      total 21504K, used 21488K [0x00000000eab00000, 0x00000000eca00000, 0x0000000100000000)
  eden space 18944K, 100% used [0x00000000eab00000,0x00000000ebd80000,0x00000000ebd80000)
  from space 2560K, 99% used [0x00000000ec280000,0x00000000ec4fc010,0x00000000ec500000)
  to   space 5120K, 0% used [0x00000000ebd80000,0x00000000ebd80000,0x00000000ec280000)
 ParOldGen       total 68608K, used 33328K [0x00000000c0000000, 0x00000000c4300000, 0x00000000eab00000)
  object space 68608K, 48% used [0x00000000c0000000,0x00000000c208c0e8,0x00000000c4300000)
 Metaspace       used 54218K, committed 55424K, reserved 1114112K
  class space    used 5853K, committed 6400K, reserved 1048576K
}
Event: 8.344 GC heap after
{Heap after GC invocations=27 (full 2):
 PSYoungGen      total 21504K, used 2496K [0x00000000eab00000, 0x00000000ec480000, 0x0000000100000000)
  eden space 18944K, 0% used [0x00000000eab00000,0x00000000eab00000,0x00000000ebd80000)
  from space 2560K, 97% used [0x00000000ebd80000,0x00000000ebff0000,0x00000000ec000000)
  to   space 3584K, 0% used [0x00000000ec100000,0x00000000ec100000,0x00000000ec480000)
 ParOldGen       total 68608K, used 35777K [0x00000000c0000000, 0x00000000c4300000, 0x00000000eab00000)
  object space 68608K, 52% used [0x00000000c0000000,0x00000000c22f0770,0x00000000c4300000)
 Metaspace       used 54218K, committed 55424K, reserved 1114112K
  class space    used 5853K, committed 6400K, reserved 1048576K
}
Event: 8.520 GC heap before
{Heap before GC invocations=28 (full 2):
 PSYoungGen      total 21504K, used 21440K [0x00000000eab00000, 0x00000000ec480000, 0x0000000100000000)
  eden space 18944K, 100% used [0x00000000eab00000,0x00000000ebd80000,0x00000000ebd80000)
  from space 2560K, 97% used [0x00000000ebd80000,0x00000000ebff0000,0x00000000ec000000)
  to   space 3584K, 0% used [0x00000000ec100000,0x00000000ec100000,0x00000000ec480000)
 ParOldGen       total 68608K, used 35777K [0x00000000c0000000, 0x00000000c4300000, 0x00000000eab00000)
  object space 68608K, 52% used [0x00000000c0000000,0x00000000c22f0770,0x00000000c4300000)
 Metaspace       used 54409K, committed 55552K, reserved 1114112K
  class space    used 5854K, committed 6400K, reserved 1048576K
}
Event: 8.523 GC heap after
{Heap after GC invocations=28 (full 2):
 PSYoungGen      total 20480K, used 1344K [0x00000000eab00000, 0x00000000ec280000, 0x0000000100000000)
  eden space 18944K, 0% used [0x00000000eab00000,0x00000000eab00000,0x00000000ebd80000)
  from space 1536K, 87% used [0x00000000ec100000,0x00000000ec250000,0x00000000ec280000)
  to   space 2048K, 0% used [0x00000000ebe80000,0x00000000ebe80000,0x00000000ec080000)
 ParOldGen       total 68608K, used 38035K [0x00000000c0000000, 0x00000000c4300000, 0x00000000eab00000)
  object space 68608K, 55% used [0x00000000c0000000,0x00000000c2524ca8,0x00000000c4300000)
 Metaspace       used 54409K, committed 55552K, reserved 1114112K
  class space    used 5854K, committed 6400K, reserved 1048576K
}
Event: 8.875 GC heap before
{Heap before GC invocations=29 (full 2):
 PSYoungGen      total 20480K, used 20288K [0x00000000eab00000, 0x00000000ec280000, 0x0000000100000000)
  eden space 18944K, 100% used [0x00000000eab00000,0x00000000ebd80000,0x00000000ebd80000)
  from space 1536K, 87% used [0x00000000ec100000,0x00000000ec250000,0x00000000ec280000)
  to   space 2048K, 0% used [0x00000000ebe80000,0x00000000ebe80000,0x00000000ec080000)
 ParOldGen       total 68608K, used 38035K [0x00000000c0000000, 0x00000000c4300000, 0x00000000eab00000)
  object space 68608K, 55% used [0x00000000c0000000,0x00000000c2524ca8,0x00000000c4300000)
 Metaspace       used 55213K, committed 56448K, reserved 1114112K
  class space    used 5963K, committed 6528K, reserved 1048576K
}
Event: 8.878 GC heap after
{Heap after GC invocations=29 (full 2):
 PSYoungGen      total 20992K, used 1664K [0x00000000eab00000, 0x00000000ec180000, 0x0000000100000000)
  eden space 18944K, 0% used [0x00000000eab00000,0x00000000eab00000,0x00000000ebd80000)
  from space 2048K, 81% used [0x00000000ebe80000,0x00000000ec020000,0x00000000ec080000)
  to   space 1024K, 0% used [0x00000000ec080000,0x00000000ec080000,0x00000000ec180000)
 ParOldGen       total 68608K, used 39144K [0x00000000c0000000, 0x00000000c4300000, 0x00000000eab00000)
  object space 68608K, 57% used [0x00000000c0000000,0x00000000c263a1c0,0x00000000c4300000)
 Metaspace       used 55213K, committed 56448K, reserved 1114112K
  class space    used 5963K, committed 6528K, reserved 1048576K
}
Event: 9.163 GC heap before
{Heap before GC invocations=30 (full 2):
 PSYoungGen      total 20992K, used 20608K [0x00000000eab00000, 0x00000000ec180000, 0x0000000100000000)
  eden space 18944K, 100% used [0x00000000eab00000,0x00000000ebd80000,0x00000000ebd80000)
  from space 2048K, 81% used [0x00000000ebe80000,0x00000000ec020000,0x00000000ec080000)
  to   space 1024K, 0% used [0x00000000ec080000,0x00000000ec080000,0x00000000ec180000)
 ParOldGen       total 68608K, used 39144K [0x00000000c0000000, 0x00000000c4300000, 0x00000000eab00000)
  object space 68608K, 57% used [0x00000000c0000000,0x00000000c263a1c0,0x00000000c4300000)
 Metaspace       used 56022K, committed 57216K, reserved 1114112K
  class space    used 6047K, committed 6592K, reserved 1048576K
}
Event: 9.164 GC heap after
{Heap after GC invocations=30 (full 2):
 PSYoungGen      total 19968K, used 1024K [0x00000000eab00000, 0x00000000ec380000, 0x0000000100000000)
  eden space 18944K, 0% used [0x00000000eab00000,0x00000000eab00000,0x00000000ebd80000)
  from space 1024K, 100% used [0x00000000ec080000,0x00000000ec180000,0x00000000ec180000)
  to   space 3072K, 0% used [0x00000000ebd80000,0x00000000ebd80000,0x00000000ec080000)
 ParOldGen       total 68608K, used 40765K [0x00000000c0000000, 0x00000000c4300000, 0x00000000eab00000)
  object space 68608K, 59% used [0x00000000c0000000,0x00000000c27cf6f0,0x00000000c4300000)
 Metaspace       used 56022K, committed 57216K, reserved 1114112K
  class space    used 6047K, committed 6592K, reserved 1048576K
}
Event: 9.274 GC heap before
{Heap before GC invocations=31 (full 2):
 PSYoungGen      total 19968K, used 19968K [0x00000000eab00000, 0x00000000ec380000, 0x0000000100000000)
  eden space 18944K, 100% used [0x00000000eab00000,0x00000000ebd80000,0x00000000ebd80000)
  from space 1024K, 100% used [0x00000000ec080000,0x00000000ec180000,0x00000000ec180000)
  to   space 3072K, 0% used [0x00000000ebd80000,0x00000000ebd80000,0x00000000ec080000)
 ParOldGen       total 68608K, used 40765K [0x00000000c0000000, 0x00000000c4300000, 0x00000000eab00000)
  object space 68608K, 59% used [0x00000000c0000000,0x00000000c27cf6f0,0x00000000c4300000)
 Metaspace       used 56113K, committed 57344K, reserved 1114112K
  class space    used 6049K, committed 6592K, reserved 1048576K
}
Event: 9.276 GC heap after
{Heap after GC invocations=31 (full 2):
 PSYoungGen      total 20992K, used 2016K [0x00000000eab00000, 0x00000000ec280000, 0x0000000100000000)
  eden space 18944K, 0% used [0x00000000eab00000,0x00000000eab00000,0x00000000ebd80000)
  from space 2048K, 98% used [0x00000000ebd80000,0x00000000ebf78000,0x00000000ebf80000)
  to   space 2560K, 0% used [0x00000000ec000000,0x00000000ec000000,0x00000000ec280000)
 ParOldGen       total 68608K, used 41767K [0x00000000c0000000, 0x00000000c4300000, 0x00000000eab00000)
  object space 68608K, 60% used [0x00000000c0000000,0x00000000c28c9d80,0x00000000c4300000)
 Metaspace       used 56113K, committed 57344K, reserved 1114112K
  class space    used 6049K, committed 6592K, reserved 1048576K
}
Event: 9.352 GC heap before
{Heap before GC invocations=32 (full 2):
 PSYoungGen      total 20992K, used 20960K [0x00000000eab00000, 0x00000000ec280000, 0x0000000100000000)
  eden space 18944K, 100% used [0x00000000eab00000,0x00000000ebd80000,0x00000000ebd80000)
  from space 2048K, 98% used [0x00000000ebd80000,0x00000000ebf78000,0x00000000ebf80000)
  to   space 2560K, 0% used [0x00000000ec000000,0x00000000ec000000,0x00000000ec280000)
 ParOldGen       total 68608K, used 41767K [0x00000000c0000000, 0x00000000c4300000, 0x00000000eab00000)
  object space 68608K, 60% used [0x00000000c0000000,0x00000000c28c9d80,0x00000000c4300000)
 Metaspace       used 56249K, committed 57472K, reserved 1114112K
  class space    used 6052K, committed 6592K, reserved 1048576K
}
Event: 9.354 GC heap after
{Heap after GC invocations=32 (full 2):
 PSYoungGen      total 20480K, used 1248K [0x00000000eab00000, 0x00000000ec180000, 0x0000000100000000)
  eden space 18944K, 0% used [0x00000000eab00000,0x00000000eab00000,0x00000000ebd80000)
  from space 1536K, 81% used [0x00000000ec000000,0x00000000ec138000,0x00000000ec180000)
  to   space 2048K, 0% used [0x00000000ebd80000,0x00000000ebd80000,0x00000000ebf80000)
 ParOldGen       total 68608K, used 43335K [0x00000000c0000000, 0x00000000c4300000, 0x00000000eab00000)
  object space 68608K, 63% used [0x00000000c0000000,0x00000000c2a51d80,0x00000000c4300000)
 Metaspace       used 56249K, committed 57472K, reserved 1114112K
  class space    used 6052K, committed 6592K, reserved 1048576K
}
Event: 9.483 GC heap before
{Heap before GC invocations=33 (full 2):
 PSYoungGen      total 20480K, used 20192K [0x00000000eab00000, 0x00000000ec180000, 0x0000000100000000)
  eden space 18944K, 100% used [0x00000000eab00000,0x00000000ebd80000,0x00000000ebd80000)
  from space 1536K, 81% used [0x00000000ec000000,0x00000000ec138000,0x00000000ec180000)
  to   space 2048K, 0% used [0x00000000ebd80000,0x00000000ebd80000,0x00000000ebf80000)
 ParOldGen       total 68608K, used 43335K [0x00000000c0000000, 0x00000000c4300000, 0x00000000eab00000)
  object space 68608K, 63% used [0x00000000c0000000,0x00000000c2a51d80,0x00000000c4300000)
 Metaspace       used 56410K, committed 57600K, reserved 1114112K
  class space    used 6053K, committed 6592K, reserved 1048576K
}
Event: 9.484 GC heap after
{Heap after GC invocations=33 (full 2):
 PSYoungGen      total 20992K, used 1632K [0x00000000eab00000, 0x00000000ec180000, 0x0000000100000000)
  eden space 18944K, 0% used [0x00000000eab00000,0x00000000eab00000,0x00000000ebd80000)
  from space 2048K, 79% used [0x00000000ebd80000,0x00000000ebf18000,0x00000000ebf80000)
  to   space 2048K, 0% used [0x00000000ebf80000,0x00000000ebf80000,0x00000000ec180000)
 ParOldGen       total 68608K, used 44399K [0x00000000c0000000, 0x00000000c4300000, 0x00000000eab00000)
  object space 68608K, 64% used [0x00000000c0000000,0x00000000c2b5bd80,0x00000000c4300000)
 Metaspace       used 56410K, committed 57600K, reserved 1114112K
  class space    used 6053K, committed 6592K, reserved 1048576K
}
Event: 9.623 GC heap before
{Heap before GC invocations=34 (full 2):
 PSYoungGen      total 20992K, used 20576K [0x00000000eab00000, 0x00000000ec180000, 0x0000000100000000)
  eden space 18944K, 100% used [0x00000000eab00000,0x00000000ebd80000,0x00000000ebd80000)
  from space 2048K, 79% used [0x00000000ebd80000,0x00000000ebf18000,0x00000000ebf80000)
  to   space 2048K, 0% used [0x00000000ebf80000,0x00000000ebf80000,0x00000000ec180000)
 ParOldGen       total 68608K, used 44399K [0x00000000c0000000, 0x00000000c4300000, 0x00000000eab00000)
  object space 68608K, 64% used [0x00000000c0000000,0x00000000c2b5bd80,0x00000000c4300000)
 Metaspace       used 56654K, committed 57856K, reserved 1114112K
  class space    used 6074K, committed 6656K, reserved 1048576K
}
Event: 9.625 GC heap after
{Heap after GC invocations=34 (full 2):
 PSYoungGen      total 20480K, used 1472K [0x00000000eab00000, 0x00000000ec100000, 0x0000000100000000)
  eden space 18944K, 0% used [0x00000000eab00000,0x00000000eab00000,0x00000000ebd80000)
  from space 1536K, 95% used [0x00000000ebf80000,0x00000000ec0f0000,0x00000000ec100000)
  to   space 1536K, 0% used [0x00000000ebe00000,0x00000000ebe00000,0x00000000ebf80000)
 ParOldGen       total 68608K, used 45879K [0x00000000c0000000, 0x00000000c4300000, 0x00000000eab00000)
  object space 68608K, 66% used [0x00000000c0000000,0x00000000c2ccdd80,0x00000000c4300000)
 Metaspace       used 56654K, committed 57856K, reserved 1114112K
  class space    used 6074K, committed 6656K, reserved 1048576K
}
Event: 13.129 GC heap before
{Heap before GC invocations=35 (full 2):
 PSYoungGen      total 20480K, used 20416K [0x00000000eab00000, 0x00000000ec100000, 0x0000000100000000)
  eden space 18944K, 100% used [0x00000000eab00000,0x00000000ebd80000,0x00000000ebd80000)
  from space 1536K, 95% used [0x00000000ebf80000,0x00000000ec0f0000,0x00000000ec100000)
  to   space 1536K, 0% used [0x00000000ebe00000,0x00000000ebe00000,0x00000000ebf80000)
 ParOldGen       total 68608K, used 45879K [0x00000000c0000000, 0x00000000c4300000, 0x00000000eab00000)
  object space 68608K, 66% used [0x00000000c0000000,0x00000000c2ccdd80,0x00000000c4300000)
 Metaspace       used 56704K, committed 57920K, reserved 1114112K
  class space    used 6077K, committed 6656K, reserved 1048576K
}
Event: 13.130 GC heap after
{Heap after GC invocations=35 (full 2):
 PSYoungGen      total 19968K, used 1003K [0x00000000eab00000, 0x00000000ec080000, 0x0000000100000000)
  eden space 18944K, 0% used [0x00000000eab00000,0x00000000eab00000,0x00000000ebd80000)
  from space 1024K, 97% used [0x00000000ebe00000,0x00000000ebefac70,0x00000000ebf00000)
  to   space 1536K, 0% used [0x00000000ebf00000,0x00000000ebf00000,0x00000000ec080000)
 ParOldGen       total 68608K, used 47223K [0x00000000c0000000, 0x00000000c4300000, 0x00000000eab00000)
  object space 68608K, 68% used [0x00000000c0000000,0x00000000c2e1dd80,0x00000000c4300000)
 Metaspace       used 56704K, committed 57920K, reserved 1114112K
  class space    used 6077K, committed 6656K, reserved 1048576K
}

